This is pdfTeX, Version 3.14159265-2.6-1.40.17 (TeX Live 2016/Debian) (preloaded format=pdflatex 2017.4.11)  10 JUL 2018 16:15
entering extended mode
 restricted \write18 enabled.
 %&-line parsing enabled.
**TDS_Jan_Suntajs_zakljucna.tex
(./TDS_Jan_Suntajs_zakljucna.tex
LaTeX2e <2016/03/31>
Babel <3.9r> and hyphenation patterns for 83 language(s) loaded.
(/usr/share/texlive/texmf-dist/tex/latex/base/article.cls
Document Class: article 2014/09/29 v1.4h Standard LaTeX document class
(/usr/share/texlive/texmf-dist/tex/latex/base/size10.clo
File: size10.clo 2014/09/29 v1.4h Standard LaTeX file (size option)
)
\c@part=\count79
\c@section=\count80
\c@subsection=\count81
\c@subsubsection=\count82
\c@paragraph=\count83
\c@subparagraph=\count84
\c@figure=\count85
\c@table=\count86
\abovecaptionskip=\skip41
\belowcaptionskip=\skip42
\bibindent=\dimen102
)
(/usr/share/texlive/texmf-dist/tex/latex/geometry/geometry.sty
Package: geometry 2010/09/12 v5.6 Page Geometry

(/usr/share/texlive/texmf-dist/tex/latex/graphics/keyval.sty
Package: keyval 2014/10/28 v1.15 key=value parser (DPC)
\KV@toks@=\toks14
)
(/usr/share/texlive/texmf-dist/tex/generic/oberdiek/ifpdf.sty
Package: ifpdf 2016/05/14 v3.1 Provides the ifpdf switch
)
(/usr/share/texlive/texmf-dist/tex/generic/oberdiek/ifvtex.sty
Package: ifvtex 2016/05/16 v1.6 Detect VTeX and its facilities (HO)
Package ifvtex Info: VTeX not detected.
)
(/usr/share/texlive/texmf-dist/tex/generic/ifxetex/ifxetex.sty
Package: ifxetex 2010/09/12 v0.6 Provides ifxetex conditional
)
\Gm@cnth=\count87
\Gm@cntv=\count88
\c@Gm@tempcnt=\count89
\Gm@bindingoffset=\dimen103
\Gm@wd@mp=\dimen104
\Gm@odd@mp=\dimen105
\Gm@even@mp=\dimen106
\Gm@layoutwidth=\dimen107
\Gm@layoutheight=\dimen108
\Gm@layouthoffset=\dimen109
\Gm@layoutvoffset=\dimen110
\Gm@dimlist=\toks15
)
(/usr/share/texlive/texmf-dist/tex/latex/floatrow/floatrow.sty
Package: floatrow 2008/08/02 v0.3b floatrow: float package extension

(/usr/share/texlive/texmf-dist/tex/latex/caption/caption3.sty
Package: caption3 2016/02/04 v1.7-139 caption3 kernel (AR)
Package caption3 Info: TeX engine: e-TeX on input line 67.
\captionmargin=\dimen111
\captionmargin@=\dimen112
\captionwidth=\dimen113
\caption@tempdima=\dimen114
\caption@indent=\dimen115
\caption@parindent=\dimen116
\caption@hangindent=\dimen117
)
\c@float@type=\count90
\float@exts=\toks16
\float@box=\box26
\@floatcapt=\box27
Package floatrow Info: Modified float package code loaded on input line 455.
Package floatrow Info: Modified rotfloat package code loaded on input line 473.

\FR@everyfloat=\toks17
\flrow@foot=\insert199
\FB@wd=\dimen118
\FBo@wd=\dimen119
\FBc@wd=\dimen120
\FBo@ht=\skip43
\FBc@ht=\skip44
\FBf@ht=\skip45
\FBo@max=\skip46
\FBc@max=\skip47
\FBf@max=\skip48
\c@FBl@b=\count91
\floatbox@depth=\count92
\c@FRobj=\count93
\c@FRsobj=\count94
\Xhsize=\skip49
\sXhsize=\skip50
\Zhsize=\skip51
\sZhsize=\skip52
\flrow@rowbox=\box28
\FR@Zunitlength=\dimen121
\c@FBcnt=\count95
\FPOScnt=\count96
\LTleft=\skip53
\LTright=\skip54
\LTleft=\skip55
\LTright=\skip56
\flrow@types=\toks18
)
(/usr/share/texlive/texmf-dist/tex/latex/units/units.sty
Package: units 1998/08/04 v0.9b Typesetting units

(/usr/share/texlive/texmf-dist/tex/latex/base/ifthen.sty
Package: ifthen 2014/09/29 v1.1c Standard LaTeX ifthen package (DPC)
)
(/usr/share/texlive/texmf-dist/tex/latex/units/nicefrac.sty
Package: nicefrac 1998/08/04 v0.9b Nice fractions
\L@UnitsRaiseDisplaystyle=\skip57
\L@UnitsRaiseTextstyle=\skip58
\L@UnitsRaiseScriptstyle=\skip59
))
(/usr/share/texlive/texmf-dist/tex/latex/amsmath/amsmath.sty
Package: amsmath 2016/03/10 v2.15b AMS math features
\@mathmargin=\skip60

For additional information on amsmath, use the `?' option.
(/usr/share/texlive/texmf-dist/tex/latex/amsmath/amstext.sty
Package: amstext 2000/06/29 v2.01 AMS text

(/usr/share/texlive/texmf-dist/tex/latex/amsmath/amsgen.sty
File: amsgen.sty 1999/11/30 v2.0 generic functions
\@emptytoks=\toks19
\ex@=\dimen122
))
(/usr/share/texlive/texmf-dist/tex/latex/amsmath/amsbsy.sty
Package: amsbsy 1999/11/29 v1.2d Bold Symbols
\pmbraise@=\dimen123
)
(/usr/share/texlive/texmf-dist/tex/latex/amsmath/amsopn.sty
Package: amsopn 2016/03/08 v2.02 operator names
)
\inf@bad=\count97
LaTeX Info: Redefining \frac on input line 199.
\uproot@=\count98
\leftroot@=\count99
LaTeX Info: Redefining \overline on input line 297.
\classnum@=\count100
\DOTSCASE@=\count101
LaTeX Info: Redefining \ldots on input line 394.
LaTeX Info: Redefining \dots on input line 397.
LaTeX Info: Redefining \cdots on input line 518.
\Mathstrutbox@=\box29
\strutbox@=\box30
\big@size=\dimen124
LaTeX Font Info:    Redeclaring font encoding OML on input line 634.
LaTeX Font Info:    Redeclaring font encoding OMS on input line 635.
\macc@depth=\count102
\c@MaxMatrixCols=\count103
\dotsspace@=\muskip10
\c@parentequation=\count104
\dspbrk@lvl=\count105
\tag@help=\toks20
\row@=\count106
\column@=\count107
\maxfields@=\count108
\andhelp@=\toks21
\eqnshift@=\dimen125
\alignsep@=\dimen126
\tagshift@=\dimen127
\tagwidth@=\dimen128
\totwidth@=\dimen129
\lineht@=\dimen130
\@envbody=\toks22
\multlinegap=\skip61
\multlinetaggap=\skip62
\mathdisplay@stack=\toks23
LaTeX Info: Redefining \[ on input line 2739.
LaTeX Info: Redefining \] on input line 2740.
)
(/usr/share/texlive/texmf-dist/tex/latex/multirow/multirow.sty
\bigstrutjot=\dimen131
)
(/usr/share/texlive/texmf-dist/tex/latex/url/url.sty
\Urlmuskip=\muskip11
Package: url 2013/09/16  ver 3.4  Verb mode for urls, etc.
)
(/usr/share/texlive/texmf-dist/tex/latex/tools/bm.sty
Package: bm 2016/02/27 v1.2a Bold Symbol Support (DPC/FMi)
\symboldoperators=\mathgroup4
\symboldletters=\mathgroup5
\symboldsymbols=\mathgroup6
LaTeX Font Info:    Redeclaring math alphabet \mathbf on input line 142.
LaTeX Info: Redefining \bm on input line 208.
)
(/usr/share/texlive/texmf-dist/tex/latex/tools/calc.sty
Package: calc 2014/10/28 v4.3 Infix arithmetic (KKT,FJ)
\calc@Acount=\count109
\calc@Bcount=\count110
\calc@Adimen=\dimen132
\calc@Bdimen=\dimen133
\calc@Askip=\skip63
\calc@Bskip=\skip64
LaTeX Info: Redefining \setlength on input line 80.
LaTeX Info: Redefining \addtolength on input line 81.
\calc@Ccount=\count111
\calc@Cskip=\skip65
)
\@input{template.aux}
\openout2 = `template.aux'.

(./template.tex (/usr/share/texlive/texmf-dist/tex/latex/graphics/graphicx.sty
Package: graphicx 2014/10/28 v1.0g Enhanced LaTeX Graphics (DPC,SPQR)

(/usr/share/texlive/texmf-dist/tex/latex/graphics/graphics.sty
Package: graphics 2016/05/09 v1.0r Standard LaTeX Graphics (DPC,SPQR)

(/usr/share/texlive/texmf-dist/tex/latex/graphics/trig.sty
Package: trig 2016/01/03 v1.10 sin cos tan (DPC)
)
(/usr/share/texlive/texmf-dist/tex/latex/graphics-cfg/graphics.cfg
File: graphics.cfg 2016/01/02 v1.10 sample graphics configuration
)
Package graphics Info: Driver file: pdftex.def on input line 96.

(/usr/share/texlive/texmf-dist/tex/latex/pdftex-def/pdftex.def
File: pdftex.def 2011/05/27 v0.06d Graphics/color for pdfTeX

(/usr/share/texlive/texmf-dist/tex/generic/oberdiek/infwarerr.sty
Package: infwarerr 2016/05/16 v1.4 Providing info/warning/error messages (HO)
)
(/usr/share/texlive/texmf-dist/tex/generic/oberdiek/ltxcmds.sty
Package: ltxcmds 2016/05/16 v1.23 LaTeX kernel commands for general use (HO)
)
\Gread@gobject=\count112
))
\Gin@req@height=\dimen134
\Gin@req@width=\dimen135
)
(/usr/share/texlive/texmf-dist/tex/latex/amsfonts/amsfonts.sty
Package: amsfonts 2013/01/14 v3.01 Basic AMSFonts support
\symAMSa=\mathgroup7
\symAMSb=\mathgroup8
LaTeX Font Info:    Overwriting math alphabet `\mathfrak' in version `bold'
(Font)                  U/euf/m/n --> U/euf/b/n on input line 106.
)
(/usr/share/texlive/texmf-dist/tex/latex/jknapltx/mathrsfs.sty
Package: mathrsfs 1996/01/01 Math RSFS package v1.0 (jk)
\symrsfs=\mathgroup9
)
(/usr/share/texlive/texmf-dist/tex/latex/graphics/color.sty
Package: color 2016/05/09 v1.1c Standard LaTeX Color (DPC)

(/usr/share/texlive/texmf-dist/tex/latex/graphics-cfg/color.cfg
File: color.cfg 2016/01/02 v1.6 sample color configuration
)
Package color Info: Driver file: pdftex.def on input line 144.
)
(/usr/share/texlive/texmf-dist/tex/generic/babel/babel.sty
Package: babel 2016/04/23 3.9r The Babel package

(/usr/share/texlive/texmf-dist/tex/generic/babel-slovenian/slovene.ldf
Language: slovene 2005/03/31 v1.2m Slovene support from the babel system

(/usr/share/texlive/texmf-dist/tex/generic/babel/babel.def
File: babel.def 2016/04/23 3.9r Babel common definitions
\babel@savecnt=\count113
\U@D=\dimen136
)
Package babel Info: Making " an active character on input line 79.
))
(/usr/share/texlive/texmf-dist/tex/latex/base/inputenc.sty
Package: inputenc 2015/03/17 v1.2c Input encoding file
\inpenc@prehook=\toks24
\inpenc@posthook=\toks25

(/usr/share/texlive/texmf-dist/tex/latex/base/utf8.def
File: utf8.def 2016/02/28 v1.1s UTF-8 support for inputenc
Now handling font encoding OML ...
... no UTF-8 mapping file for font encoding OML
Now handling font encoding T1 ...
... processing UTF-8 mapping file for font encoding T1

(/usr/share/texlive/texmf-dist/tex/latex/base/t1enc.dfu
File: t1enc.dfu 2016/02/28 v1.1s UTF-8 support for inputenc
   defining Unicode char U+00A0 (decimal 160)
   defining Unicode char U+00A1 (decimal 161)
   defining Unicode char U+00A3 (decimal 163)
   defining Unicode char U+00AB (decimal 171)
   defining Unicode char U+00AD (decimal 173)
   defining Unicode char U+00BB (decimal 187)
   defining Unicode char U+00BF (decimal 191)
   defining Unicode char U+00C0 (decimal 192)
   defining Unicode char U+00C1 (decimal 193)
   defining Unicode char U+00C2 (decimal 194)
   defining Unicode char U+00C3 (decimal 195)
   defining Unicode char U+00C4 (decimal 196)
   defining Unicode char U+00C5 (decimal 197)
   defining Unicode char U+00C6 (decimal 198)
   defining Unicode char U+00C7 (decimal 199)
   defining Unicode char U+00C8 (decimal 200)
   defining Unicode char U+00C9 (decimal 201)
   defining Unicode char U+00CA (decimal 202)
   defining Unicode char U+00CB (decimal 203)
   defining Unicode char U+00CC (decimal 204)
   defining Unicode char U+00CD (decimal 205)
   defining Unicode char U+00CE (decimal 206)
   defining Unicode char U+00CF (decimal 207)
   defining Unicode char U+00D0 (decimal 208)
   defining Unicode char U+00D1 (decimal 209)
   defining Unicode char U+00D2 (decimal 210)
   defining Unicode char U+00D3 (decimal 211)
   defining Unicode char U+00D4 (decimal 212)
   defining Unicode char U+00D5 (decimal 213)
   defining Unicode char U+00D6 (decimal 214)
   defining Unicode char U+00D8 (decimal 216)
   defining Unicode char U+00D9 (decimal 217)
   defining Unicode char U+00DA (decimal 218)
   defining Unicode char U+00DB (decimal 219)
   defining Unicode char U+00DC (decimal 220)
   defining Unicode char U+00DD (decimal 221)
   defining Unicode char U+00DE (decimal 222)
   defining Unicode char U+00DF (decimal 223)
   defining Unicode char U+00E0 (decimal 224)
   defining Unicode char U+00E1 (decimal 225)
   defining Unicode char U+00E2 (decimal 226)
   defining Unicode char U+00E3 (decimal 227)
   defining Unicode char U+00E4 (decimal 228)
   defining Unicode char U+00E5 (decimal 229)
   defining Unicode char U+00E6 (decimal 230)
   defining Unicode char U+00E7 (decimal 231)
   defining Unicode char U+00E8 (decimal 232)
   defining Unicode char U+00E9 (decimal 233)
   defining Unicode char U+00EA (decimal 234)
   defining Unicode char U+00EB (decimal 235)
   defining Unicode char U+00EC (decimal 236)
   defining Unicode char U+00ED (decimal 237)
   defining Unicode char U+00EE (decimal 238)
   defining Unicode char U+00EF (decimal 239)
   defining Unicode char U+00F0 (decimal 240)
   defining Unicode char U+00F1 (decimal 241)
   defining Unicode char U+00F2 (decimal 242)
   defining Unicode char U+00F3 (decimal 243)
   defining Unicode char U+00F4 (decimal 244)
   defining Unicode char U+00F5 (decimal 245)
   defining Unicode char U+00F6 (decimal 246)
   defining Unicode char U+00F8 (decimal 248)
   defining Unicode char U+00F9 (decimal 249)
   defining Unicode char U+00FA (decimal 250)
   defining Unicode char U+00FB (decimal 251)
   defining Unicode char U+00FC (decimal 252)
   defining Unicode char U+00FD (decimal 253)
   defining Unicode char U+00FE (decimal 254)
   defining Unicode char U+00FF (decimal 255)
   defining Unicode char U+0100 (decimal 256)
   defining Unicode char U+0101 (decimal 257)
   defining Unicode char U+0102 (decimal 258)
   defining Unicode char U+0103 (decimal 259)
   defining Unicode char U+0104 (decimal 260)
   defining Unicode char U+0105 (decimal 261)
   defining Unicode char U+0106 (decimal 262)
   defining Unicode char U+0107 (decimal 263)
   defining Unicode char U+0108 (decimal 264)
   defining Unicode char U+0109 (decimal 265)
   defining Unicode char U+010A (decimal 266)
   defining Unicode char U+010B (decimal 267)
   defining Unicode char U+010C (decimal 268)
   defining Unicode char U+010D (decimal 269)
   defining Unicode char U+010E (decimal 270)
   defining Unicode char U+010F (decimal 271)
   defining Unicode char U+0110 (decimal 272)
   defining Unicode char U+0111 (decimal 273)
   defining Unicode char U+0112 (decimal 274)
   defining Unicode char U+0113 (decimal 275)
   defining Unicode char U+0114 (decimal 276)
   defining Unicode char U+0115 (decimal 277)
   defining Unicode char U+0116 (decimal 278)
   defining Unicode char U+0117 (decimal 279)
   defining Unicode char U+0118 (decimal 280)
   defining Unicode char U+0119 (decimal 281)
   defining Unicode char U+011A (decimal 282)
   defining Unicode char U+011B (decimal 283)
   defining Unicode char U+011C (decimal 284)
   defining Unicode char U+011D (decimal 285)
   defining Unicode char U+011E (decimal 286)
   defining Unicode char U+011F (decimal 287)
   defining Unicode char U+0120 (decimal 288)
   defining Unicode char U+0121 (decimal 289)
   defining Unicode char U+0122 (decimal 290)
   defining Unicode char U+0123 (decimal 291)
   defining Unicode char U+0124 (decimal 292)
   defining Unicode char U+0125 (decimal 293)
   defining Unicode char U+0128 (decimal 296)
   defining Unicode char U+0129 (decimal 297)
   defining Unicode char U+012A (decimal 298)
   defining Unicode char U+012B (decimal 299)
   defining Unicode char U+012C (decimal 300)
   defining Unicode char U+012D (decimal 301)
   defining Unicode char U+012E (decimal 302)
   defining Unicode char U+012F (decimal 303)
   defining Unicode char U+0130 (decimal 304)
   defining Unicode char U+0131 (decimal 305)
   defining Unicode char U+0132 (decimal 306)
   defining Unicode char U+0133 (decimal 307)
   defining Unicode char U+0134 (decimal 308)
   defining Unicode char U+0135 (decimal 309)
   defining Unicode char U+0136 (decimal 310)
   defining Unicode char U+0137 (decimal 311)
   defining Unicode char U+0139 (decimal 313)
   defining Unicode char U+013A (decimal 314)
   defining Unicode char U+013B (decimal 315)
   defining Unicode char U+013C (decimal 316)
   defining Unicode char U+013D (decimal 317)
   defining Unicode char U+013E (decimal 318)
   defining Unicode char U+0141 (decimal 321)
   defining Unicode char U+0142 (decimal 322)
   defining Unicode char U+0143 (decimal 323)
   defining Unicode char U+0144 (decimal 324)
   defining Unicode char U+0145 (decimal 325)
   defining Unicode char U+0146 (decimal 326)
   defining Unicode char U+0147 (decimal 327)
   defining Unicode char U+0148 (decimal 328)
   defining Unicode char U+014A (decimal 330)
   defining Unicode char U+014B (decimal 331)
   defining Unicode char U+014C (decimal 332)
   defining Unicode char U+014D (decimal 333)
   defining Unicode char U+014E (decimal 334)
   defining Unicode char U+014F (decimal 335)
   defining Unicode char U+0150 (decimal 336)
   defining Unicode char U+0151 (decimal 337)
   defining Unicode char U+0152 (decimal 338)
   defining Unicode char U+0153 (decimal 339)
   defining Unicode char U+0154 (decimal 340)
   defining Unicode char U+0155 (decimal 341)
   defining Unicode char U+0156 (decimal 342)
   defining Unicode char U+0157 (decimal 343)
   defining Unicode char U+0158 (decimal 344)
   defining Unicode char U+0159 (decimal 345)
   defining Unicode char U+015A (decimal 346)
   defining Unicode char U+015B (decimal 347)
   defining Unicode char U+015C (decimal 348)
   defining Unicode char U+015D (decimal 349)
   defining Unicode char U+015E (decimal 350)
   defining Unicode char U+015F (decimal 351)
   defining Unicode char U+0160 (decimal 352)
   defining Unicode char U+0161 (decimal 353)
   defining Unicode char U+0162 (decimal 354)
   defining Unicode char U+0163 (decimal 355)
   defining Unicode char U+0164 (decimal 356)
   defining Unicode char U+0165 (decimal 357)
   defining Unicode char U+0168 (decimal 360)
   defining Unicode char U+0169 (decimal 361)
   defining Unicode char U+016A (decimal 362)
   defining Unicode char U+016B (decimal 363)
   defining Unicode char U+016C (decimal 364)
   defining Unicode char U+016D (decimal 365)
   defining Unicode char U+016E (decimal 366)
   defining Unicode char U+016F (decimal 367)
   defining Unicode char U+0170 (decimal 368)
   defining Unicode char U+0171 (decimal 369)
   defining Unicode char U+0172 (decimal 370)
   defining Unicode char U+0173 (decimal 371)
   defining Unicode char U+0174 (decimal 372)
   defining Unicode char U+0175 (decimal 373)
   defining Unicode char U+0176 (decimal 374)
   defining Unicode char U+0177 (decimal 375)
   defining Unicode char U+0178 (decimal 376)
   defining Unicode char U+0179 (decimal 377)
   defining Unicode char U+017A (decimal 378)
   defining Unicode char U+017B (decimal 379)
   defining Unicode char U+017C (decimal 380)
   defining Unicode char U+017D (decimal 381)
   defining Unicode char U+017E (decimal 382)
   defining Unicode char U+01CD (decimal 461)
   defining Unicode char U+01CE (decimal 462)
   defining Unicode char U+01CF (decimal 463)
   defining Unicode char U+01D0 (decimal 464)
   defining Unicode char U+01D1 (decimal 465)
   defining Unicode char U+01D2 (decimal 466)
   defining Unicode char U+01D3 (decimal 467)
   defining Unicode char U+01D4 (decimal 468)
   defining Unicode char U+01E2 (decimal 482)
   defining Unicode char U+01E3 (decimal 483)
   defining Unicode char U+01E6 (decimal 486)
   defining Unicode char U+01E7 (decimal 487)
   defining Unicode char U+01E8 (decimal 488)
   defining Unicode char U+01E9 (decimal 489)
   defining Unicode char U+01EA (decimal 490)
   defining Unicode char U+01EB (decimal 491)
   defining Unicode char U+01F0 (decimal 496)
   defining Unicode char U+01F4 (decimal 500)
   defining Unicode char U+01F5 (decimal 501)
   defining Unicode char U+0218 (decimal 536)
   defining Unicode char U+0219 (decimal 537)
   defining Unicode char U+021A (decimal 538)
   defining Unicode char U+021B (decimal 539)
   defining Unicode char U+1E02 (decimal 7682)
   defining Unicode char U+1E03 (decimal 7683)
   defining Unicode char U+200C (decimal 8204)
   defining Unicode char U+2010 (decimal 8208)
   defining Unicode char U+2011 (decimal 8209)
   defining Unicode char U+2012 (decimal 8210)
   defining Unicode char U+2013 (decimal 8211)
   defining Unicode char U+2014 (decimal 8212)
   defining Unicode char U+2015 (decimal 8213)
   defining Unicode char U+2018 (decimal 8216)
   defining Unicode char U+2019 (decimal 8217)
   defining Unicode char U+201A (decimal 8218)
   defining Unicode char U+201C (decimal 8220)
   defining Unicode char U+201D (decimal 8221)
   defining Unicode char U+201E (decimal 8222)
   defining Unicode char U+2030 (decimal 8240)
   defining Unicode char U+2031 (decimal 8241)
   defining Unicode char U+2039 (decimal 8249)
   defining Unicode char U+203A (decimal 8250)
   defining Unicode char U+2423 (decimal 9251)
)
Now handling font encoding OT1 ...
... processing UTF-8 mapping file for font encoding OT1

(/usr/share/texlive/texmf-dist/tex/latex/base/ot1enc.dfu
File: ot1enc.dfu 2016/02/28 v1.1s UTF-8 support for inputenc
   defining Unicode char U+00A0 (decimal 160)
   defining Unicode char U+00A1 (decimal 161)
   defining Unicode char U+00A3 (decimal 163)
   defining Unicode char U+00AD (decimal 173)
   defining Unicode char U+00B8 (decimal 184)
   defining Unicode char U+00BF (decimal 191)
   defining Unicode char U+00C5 (decimal 197)
   defining Unicode char U+00C6 (decimal 198)
   defining Unicode char U+00D8 (decimal 216)
   defining Unicode char U+00DF (decimal 223)
   defining Unicode char U+00E6 (decimal 230)
   defining Unicode char U+00EC (decimal 236)
   defining Unicode char U+00ED (decimal 237)
   defining Unicode char U+00EE (decimal 238)
   defining Unicode char U+00EF (decimal 239)
   defining Unicode char U+00F8 (decimal 248)
   defining Unicode char U+0131 (decimal 305)
   defining Unicode char U+0141 (decimal 321)
   defining Unicode char U+0142 (decimal 322)
   defining Unicode char U+0152 (decimal 338)
   defining Unicode char U+0153 (decimal 339)
   defining Unicode char U+0174 (decimal 372)
   defining Unicode char U+0175 (decimal 373)
   defining Unicode char U+0176 (decimal 374)
   defining Unicode char U+0177 (decimal 375)
   defining Unicode char U+0218 (decimal 536)
   defining Unicode char U+0219 (decimal 537)
   defining Unicode char U+021A (decimal 538)
   defining Unicode char U+021B (decimal 539)
   defining Unicode char U+2013 (decimal 8211)
   defining Unicode char U+2014 (decimal 8212)
   defining Unicode char U+2018 (decimal 8216)
   defining Unicode char U+2019 (decimal 8217)
   defining Unicode char U+201C (decimal 8220)
   defining Unicode char U+201D (decimal 8221)
)
Now handling font encoding OMS ...
... processing UTF-8 mapping file for font encoding OMS

(/usr/share/texlive/texmf-dist/tex/latex/base/omsenc.dfu
File: omsenc.dfu 2016/02/28 v1.1s UTF-8 support for inputenc
   defining Unicode char U+00A7 (decimal 167)
   defining Unicode char U+00B6 (decimal 182)
   defining Unicode char U+00B7 (decimal 183)
   defining Unicode char U+2020 (decimal 8224)
   defining Unicode char U+2021 (decimal 8225)
   defining Unicode char U+2022 (decimal 8226)
)
Now handling font encoding OMX ...
... no UTF-8 mapping file for font encoding OMX
Now handling font encoding U ...
... no UTF-8 mapping file for font encoding U
   defining Unicode char U+00A9 (decimal 169)
   defining Unicode char U+00AA (decimal 170)
   defining Unicode char U+00AE (decimal 174)
   defining Unicode char U+00BA (decimal 186)
   defining Unicode char U+02C6 (decimal 710)
   defining Unicode char U+02DC (decimal 732)
   defining Unicode char U+200C (decimal 8204)
   defining Unicode char U+2026 (decimal 8230)
   defining Unicode char U+2122 (decimal 8482)
   defining Unicode char U+2423 (decimal 9251)
)))
(./TDS_Jan_Suntajs_zakljucna.aux)
\openout1 = `TDS_Jan_Suntajs_zakljucna.aux'.

LaTeX Font Info:    Checking defaults for OML/cmm/m/it on input line 23.
LaTeX Font Info:    ... okay on input line 23.
LaTeX Font Info:    Checking defaults for T1/cmr/m/n on input line 23.
LaTeX Font Info:    ... okay on input line 23.
LaTeX Font Info:    Checking defaults for OT1/cmr/m/n on input line 23.
LaTeX Font Info:    ... okay on input line 23.
LaTeX Font Info:    Checking defaults for OMS/cmsy/m/n on input line 23.
LaTeX Font Info:    ... okay on input line 23.
LaTeX Font Info:    Checking defaults for OMX/cmex/m/n on input line 23.
LaTeX Font Info:    ... okay on input line 23.
LaTeX Font Info:    Checking defaults for U/cmr/m/n on input line 23.
LaTeX Font Info:    ... okay on input line 23.

*geometry* driver: auto-detecting
*geometry* detected driver: pdftex
*geometry* verbose mode - [ preamble ] result:
* driver: pdftex
* paper: a4paper
* layout: <same size as paper>
* layoutoffset:(h,v)=(0.0pt,0.0pt)
* modes: includefoot 
* h-part:(L,W,R)=(80.23697pt, 437.03394pt, 80.23697pt)
* v-part:(T,H,B)=(80.23697pt, 684.5729pt, 80.23697pt)
* \paperwidth=597.50787pt
* \paperheight=845.04684pt
* \textwidth=437.03394pt
* \textheight=641.89378pt
* \oddsidemargin=7.96698pt
* \evensidemargin=7.96698pt
* \topmargin=-29.03302pt
* \headheight=12.0pt
* \headsep=25.0pt
* \topskip=10.0pt
* \footskip=42.67912pt
* \marginparwidth=57.0pt
* \marginparsep=11.0pt
* \columnsep=10.0pt
* \skip\footins=9.0pt plus 4.0pt minus 2.0pt
* \hoffset=14.22636pt
* \voffset=0.0pt
* \mag=1000
* \@twocolumnfalse
* \@twosidefalse
* \@mparswitchfalse
* \@reversemarginfalse
* (1in=72.27pt=25.4mm, 1cm=28.453pt)

Package caption Info: Begin \AtBeginDocument code.
Package caption Info: End \AtBeginDocument code.
(/usr/share/texlive/texmf-dist/tex/context/base/mkii/supp-pdf.mkii
[Loading MPS to PDF converter (version 2006.09.02).]
\scratchcounter=\count114
\scratchdimen=\dimen137
\scratchbox=\box31
\nofMPsegments=\count115
\nofMParguments=\count116
\everyMPshowfont=\toks26
\MPscratchCnt=\count117
\MPscratchDim=\dimen138
\MPnumerator=\count118
\makeMPintoPDFobject=\count119
\everyMPtoPDFconversion=\toks27
) (/usr/share/texlive/texmf-dist/tex/generic/oberdiek/pdftexcmds.sty
Package: pdftexcmds 2016/05/10 v0.21 Utility functions of pdfTeX for LuaTeX (HO
)

(/usr/share/texlive/texmf-dist/tex/generic/oberdiek/ifluatex.sty
Package: ifluatex 2016/05/16 v1.4 Provides the ifluatex switch (HO)
Package ifluatex Info: LuaTeX not detected.
)
Package pdftexcmds Info: LuaTeX not detected.
Package pdftexcmds Info: \pdf@primitive is available.
Package pdftexcmds Info: \pdf@ifprimitive is available.
Package pdftexcmds Info: \pdfdraftmode found.
)
(/usr/share/texlive/texmf-dist/tex/latex/oberdiek/epstopdf-base.sty
Package: epstopdf-base 2016/05/15 v2.6 Base part for package epstopdf

(/usr/share/texlive/texmf-dist/tex/latex/oberdiek/grfext.sty
Package: grfext 2016/05/16 v1.2 Manage graphics extensions (HO)

(/usr/share/texlive/texmf-dist/tex/generic/oberdiek/kvdefinekeys.sty
Package: kvdefinekeys 2016/05/16 v1.4 Define keys (HO)
))
(/usr/share/texlive/texmf-dist/tex/latex/oberdiek/kvoptions.sty
Package: kvoptions 2016/05/16 v3.12 Key value format for package options (HO)

(/usr/share/texlive/texmf-dist/tex/generic/oberdiek/kvsetkeys.sty
Package: kvsetkeys 2016/05/16 v1.17 Key value parser (HO)

(/usr/share/texlive/texmf-dist/tex/generic/oberdiek/etexcmds.sty
Package: etexcmds 2016/05/16 v1.6 Avoid name clashes with e-TeX commands (HO)
Package etexcmds Info: Could not find \expanded.
(etexcmds)             That can mean that you are not using pdfTeX 1.50 or
(etexcmds)             that some package has redefined \expanded.
(etexcmds)             In the latter case, load this package earlier.
)))
Package grfext Info: Graphics extension search list:
(grfext)             [.png,.pdf,.jpg,.mps,.jpeg,.jbig2,.jb2,.PNG,.PDF,.JPG,.JPE
G,.JBIG2,.JB2,.eps]
(grfext)             \AppendGraphicsExtensions on input line 456.

(/usr/share/texlive/texmf-dist/tex/latex/latexconfig/epstopdf-sys.cfg
File: epstopdf-sys.cfg 2010/07/13 v1.3 Configuration of (r)epstopdf for TeX Liv
e
))
LaTeX Font Info:    Try loading font information for U+msa on input line 24.

(/usr/share/texlive/texmf-dist/tex/latex/amsfonts/umsa.fd
File: umsa.fd 2013/01/14 v3.01 AMS symbols A
)
LaTeX Font Info:    Try loading font information for U+msb on input line 24.

(/usr/share/texlive/texmf-dist/tex/latex/amsfonts/umsb.fd
File: umsb.fd 2013/01/14 v3.01 AMS symbols B
)
LaTeX Font Info:    Try loading font information for U+rsfs on input line 24.

(/usr/share/texlive/texmf-dist/tex/latex/jknapltx/ursfs.fd
File: ursfs.fd 1998/03/24 rsfs font definition file (jk)
) [1



{/var/lib/texmf/fonts/map/pdftex/updmap/pdftex.map}]
Underfull \hbox (badness 10000) in paragraph at lines 69--71

 []

[2]
Underfull \hbox (badness 10000) in paragraph at lines 88--91

 []


Underfull \hbox (badness 1199) in paragraph at lines 100--100
\OT1/cmr/m/n/10 tudi za pre-o-stala spina.
 []


Underfull \hbox (badness 7397) in paragraph at lines 100--100
\OT1/cmr/m/n/10 Suzukijevega ko-raka se
 []


Underfull \hbox (badness 1824) in paragraph at lines 100--100
\OT1/cmr/m/n/10 ozi-roma $[][]$ in $[][]$, kar
 []

<Graphs/plot_xyz_4_.pdf, id=24, 1156.32pt x 1011.78pt>
File: Graphs/plot_xyz_4_.pdf Graphic file (type pdf)

<use Graphs/plot_xyz_4_.pdf>
Package pdftex.def Info: Graphs/plot_xyz_4_.pdf used on input line 100.
(pdftex.def)             Requested size: 262.22302pt x 229.43153pt.

Underfull \hbox (badness 1199) in paragraph at lines 100--100
\OT1/cmr/m/n/10 tudi za pre-o-stala spina.
 []


Underfull \hbox (badness 7397) in paragraph at lines 100--100
\OT1/cmr/m/n/10 Suzukijevega ko-raka se
 []


Underfull \hbox (badness 1824) in paragraph at lines 100--100
\OT1/cmr/m/n/10 ozi-roma $[][]$ in $[][]$, kar
 []

File: Graphs/plot_xyz_4_.pdf Graphic file (type pdf)
<use Graphs/plot_xyz_4_.pdf>
Package pdftex.def Info: Graphs/plot_xyz_4_.pdf used on input line 100.
(pdftex.def)             Requested size: 262.22302pt x 229.43153pt.

Underfull \hbox (badness 1199) in paragraph at lines 100--100
\OT1/cmr/m/n/10 tudi za pre-o-stala spina.
 []


Underfull \hbox (badness 7397) in paragraph at lines 100--100
\OT1/cmr/m/n/10 Suzukijevega ko-raka se
 []


Underfull \hbox (badness 1824) in paragraph at lines 100--100
\OT1/cmr/m/n/10 ozi-roma $[][]$ in $[][]$, kar
 []

File: Graphs/plot_xyz_4_.pdf Graphic file (type pdf)
<use Graphs/plot_xyz_4_.pdf>
Package pdftex.def Info: Graphs/plot_xyz_4_.pdf used on input line 100.
(pdftex.def)             Requested size: 262.22302pt x 229.43153pt.

<Graphs/plot_phase_4_.png, id=25, 1734.48pt x 505.89pt>
File: Graphs/plot_phase_4_.png Graphic file (type png)

<use Graphs/plot_phase_4_.png>
Package pdftex.def Info: Graphs/plot_phase_4_.png used on input line 104.
(pdftex.def)             Requested size: 437.03394pt x 127.46796pt.

Underfull \hbox (badness 1789) in paragraph at lines 111--111
\OT1/cmr/m/n/10 di-na-mike sku-pne vr-tilne
 []


Underfull \hbox (badness 1092) in paragraph at lines 111--111
\OT1/cmr/m/n/10 lo-va-njem ha-mil-tonke $\OML/cmm/m/it/10 H[]$
 []


Underfull \hbox (badness 2384) in paragraph at lines 111--111
\OT1/cmr/m/n/10 od dru-gega, zato se v
 []

<Graphs/plot_spin_pair_4_.pdf, id=26, 1156.32pt x 1011.78pt>
File: Graphs/plot_spin_pair_4_.pdf Graphic file (type pdf)

<use Graphs/plot_spin_pair_4_.pdf>
Package pdftex.def Info: Graphs/plot_spin_pair_4_.pdf used on input line 111.
(pdftex.def)             Requested size: 305.92241pt x 267.6727pt.

Underfull \hbox (badness 1789) in paragraph at lines 111--111
\OT1/cmr/m/n/10 di-na-mike sku-pne vr-tilne
 []


Underfull \hbox (badness 1092) in paragraph at lines 111--111
\OT1/cmr/m/n/10 lo-va-njem ha-mil-tonke $\OML/cmm/m/it/10 H[]$
 []


Underfull \hbox (badness 2384) in paragraph at lines 111--111
\OT1/cmr/m/n/10 od dru-gega, zato se v
 []

File: Graphs/plot_spin_pair_4_.pdf Graphic file (type pdf)
<use Graphs/plot_spin_pair_4_.pdf>
Package pdftex.def Info: Graphs/plot_spin_pair_4_.pdf used on input line 111.
(pdftex.def)             Requested size: 305.92241pt x 267.6727pt.

Underfull \hbox (badness 1789) in paragraph at lines 111--111
\OT1/cmr/m/n/10 di-na-mike sku-pne vr-tilne
 []


Underfull \hbox (badness 1092) in paragraph at lines 111--111
\OT1/cmr/m/n/10 lo-va-njem ha-mil-tonke $\OML/cmm/m/it/10 H[]$
 []


Underfull \hbox (badness 2384) in paragraph at lines 111--111
\OT1/cmr/m/n/10 od dru-gega, zato se v
 []

File: Graphs/plot_spin_pair_4_.pdf Graphic file (type pdf)
<use Graphs/plot_spin_pair_4_.pdf>
Package pdftex.def Info: Graphs/plot_spin_pair_4_.pdf used on input line 111.
(pdftex.def)             Requested size: 305.92241pt x 267.6727pt.
 [3 <./Graphs/plot_xyz_4_.pdf>]
<Graphs/plot_engy.pdf, id=48, 578.16pt x 505.89pt>
File: Graphs/plot_engy.pdf Graphic file (type pdf)
 <use Graphs/plot_engy.pdf>
Package pdftex.def Info: Graphs/plot_engy.pdf used on input line 118.
(pdftex.def)             Requested size: 174.8109pt x 152.95692pt.
File: Graphs/plot_engy.pdf Graphic file (type pdf)

<use Graphs/plot_engy.pdf>
Package pdftex.def Info: Graphs/plot_engy.pdf used on input line 118.
(pdftex.def)             Requested size: 174.8109pt x 152.95692pt.
File: Graphs/plot_engy.pdf Graphic file (type pdf)
 <use Graphs/plot_engy.pdf>
Package pdftex.def Info: Graphs/plot_engy.pdf used on input line 118.
(pdftex.def)             Requested size: 174.8109pt x 152.95692pt.
 [4 <./Graphs/plot_phase_4_.png (PNG copy)> <./Graphs/plot_spin_pair_4_.pdf>]
<Graphs/plot_norm_cons_4_8_12.pdf, id=63, 1734.48pt x 505.89pt>
File: Graphs/plot_norm_cons_4_8_12.pdf Graphic file (type pdf)

<use Graphs/plot_norm_cons_4_8_12.pdf>
Package pdftex.def Info: Graphs/plot_norm_cons_4_8_12.pdf used on input line 12
4.
(pdftex.def)             Requested size: 437.03394pt x 127.46796pt.

<Graphs/plot_spin_cons_4_8_12.pdf, id=64, 1734.48pt x 505.89pt>
File: Graphs/plot_spin_cons_4_8_12.pdf Graphic file (type pdf)

<use Graphs/plot_spin_cons_4_8_12.pdf>
Package pdftex.def Info: Graphs/plot_spin_cons_4_8_12.pdf used on input line 13
1.
(pdftex.def)             Requested size: 437.03394pt x 127.46796pt.
 [5 <./Graphs/plot_engy.pdf> <./Graphs/plot_norm_cons_4_8_12.pdf

pdfTeX warning: pdflatex (file ./Graphs/plot_norm_cons_4_8_12.pdf): PDF inclusi
on: multiple pdfs with page group included in a single page
> <./Graphs/plot_spin_cons_4_8_12.pdf

pdfTeX warning: pdflatex (file ./Graphs/plot_spin_cons_4_8_12.pdf): PDF inclusi
on: multiple pdfs with page group included in a single page
>] [6] <Graphs/plot_lyap_coeffs_J_1_N_4_.pdf, id=102, 1734.48pt x 505.89pt>
File: Graphs/plot_lyap_coeffs_J_1_N_4_.pdf Graphic file (type pdf)

<use Graphs/plot_lyap_coeffs_J_1_N_4_.pdf>
Package pdftex.def Info: Graphs/plot_lyap_coeffs_J_1_N_4_.pdf used on input lin
e 178.
(pdftex.def)             Requested size: 415.1809pt x 121.09186pt.

<Graphs/plot_lyap_coeffs_J_1_N_6_.pdf, id=103, 1734.48pt x 505.89pt>
File: Graphs/plot_lyap_coeffs_J_1_N_6_.pdf Graphic file (type pdf)

<use Graphs/plot_lyap_coeffs_J_1_N_6_.pdf>
Package pdftex.def Info: Graphs/plot_lyap_coeffs_J_1_N_6_.pdf used on input lin
e 180.
(pdftex.def)             Requested size: 415.1809pt x 121.09186pt.

<Graphs/plot_lyap_coeffs_J_1_N_8_.pdf, id=104, 1734.48pt x 505.89pt>
File: Graphs/plot_lyap_coeffs_J_1_N_8_.pdf Graphic file (type pdf)

<use Graphs/plot_lyap_coeffs_J_1_N_8_.pdf>
Package pdftex.def Info: Graphs/plot_lyap_coeffs_J_1_N_8_.pdf used on input lin
e 182.
(pdftex.def)             Requested size: 415.1809pt x 121.09186pt.

<Graphs/plot_lyap_coeffs_J_1_N_10_.pdf, id=105, 1734.48pt x 505.89pt>
File: Graphs/plot_lyap_coeffs_J_1_N_10_.pdf Graphic file (type pdf)

<use Graphs/plot_lyap_coeffs_J_1_N_10_.pdf>
Package pdftex.def Info: Graphs/plot_lyap_coeffs_J_1_N_10_.pdf used on input li
ne 194.
(pdftex.def)             Requested size: 432.66599pt x 126.19429pt.
 [7 <./Graphs/plot_lyap_coeffs_J_1_N_4_.pdf> <./Graphs/plot_lyap_coeffs_J_1_N_6
_.pdf

pdfTeX warning: pdflatex (file ./Graphs/plot_lyap_coeffs_J_1_N_6_.pdf): PDF inc
lusion: multiple pdfs with page group included in a single page
> <./Graphs/plot_lyap_coeffs_J_1_N_8_.pdf

pdfTeX warning: pdflatex (file ./Graphs/plot_lyap_coeffs_J_1_N_8_.pdf): PDF inc
lusion: multiple pdfs with page group included in a single page
>]
Underfull \hbox (badness 10000) in paragraph at lines 202--202
\OT1/cmr/m/n/10 Lja-pu-nova v
 []


Underfull \hbox (badness 10000) in paragraph at lines 202--202
\OT1/cmr/m/n/10 od-vi-sno-sti od
 []


Underfull \hbox (badness 3679) in paragraph at lines 202--202
\OT1/cmr/m/n/10 ve-li-ko-sti sis-tema
 []


Underfull \hbox (badness 10000) in paragraph at lines 202--202
\OT1/cmr/m/n/10 in uje-ma-nje
 []


Underfull \hbox (badness 10000) in paragraph at lines 202--202
\OT1/cmr/m/n/10 ek-spo-nen-tov v
 []


Underfull \hbox (badness 10000) in paragraph at lines 202--202
\OT1/cmr/m/n/10 sre-dini spek-tra
 []


Underfull \hbox (badness 10000) in paragraph at lines 202--202
\OT1/cmr/m/n/10 s pri^^Tcakovano
 []


Underfull \hbox (badness 10000) in paragraph at lines 202--202
\OT1/cmr/m/n/10 ni^^Tcelno vre-dno-
 []


Underfull \hbox (badness 10000) in paragraph at lines 202--202
\OT1/cmr/m/n/10 se vse-lej po-
 []


Underfull \hbox (badness 6575) in paragraph at lines 202--202
\OT1/cmr/m/n/10 javi pod tre-tjo
 []

<Graphs/plot_N_dependence_J_1_.pdf, id=159, 1156.32pt x 505.89pt>
File: Graphs/plot_N_dependence_J_1_.pdf Graphic file (type pdf)

<use Graphs/plot_N_dependence_J_1_.pdf>
Package pdftex.def Info: Graphs/plot_N_dependence_J_1_.pdf used on input line 2
02.
(pdftex.def)             Requested size: 349.62848pt x 152.95692pt.

Underfull \hbox (badness 10000) in paragraph at lines 202--202
\OT1/cmr/m/n/10 Lja-pu-nova v
 []


Underfull \hbox (badness 10000) in paragraph at lines 202--202
\OT1/cmr/m/n/10 od-vi-sno-sti od
 []


Underfull \hbox (badness 3679) in paragraph at lines 202--202
\OT1/cmr/m/n/10 ve-li-ko-sti sis-tema
 []


Underfull \hbox (badness 10000) in paragraph at lines 202--202
\OT1/cmr/m/n/10 in uje-ma-nje
 []


Underfull \hbox (badness 10000) in paragraph at lines 202--202
\OT1/cmr/m/n/10 ek-spo-nen-tov v
 []


Underfull \hbox (badness 10000) in paragraph at lines 202--202
\OT1/cmr/m/n/10 sre-dini spek-tra
 []


Underfull \hbox (badness 10000) in paragraph at lines 202--202
\OT1/cmr/m/n/10 s pri^^Tcakovano
 []


Underfull \hbox (badness 10000) in paragraph at lines 202--202
\OT1/cmr/m/n/10 ni^^Tcelno vre-dno-
 []


Underfull \hbox (badness 10000) in paragraph at lines 202--202
\OT1/cmr/m/n/10 se vse-lej po-
 []


Underfull \hbox (badness 6575) in paragraph at lines 202--202
\OT1/cmr/m/n/10 javi pod tre-tjo
 []

File: Graphs/plot_N_dependence_J_1_.pdf Graphic file (type pdf)
<use Graphs/plot_N_dependence_J_1_.pdf>
Package pdftex.def Info: Graphs/plot_N_dependence_J_1_.pdf used on input line 2
02.
(pdftex.def)             Requested size: 349.62848pt x 152.95692pt.

Underfull \hbox (badness 10000) in paragraph at lines 202--202
\OT1/cmr/m/n/10 Lja-pu-nova v
 []


Underfull \hbox (badness 10000) in paragraph at lines 202--202
\OT1/cmr/m/n/10 od-vi-sno-sti od
 []


Underfull \hbox (badness 3679) in paragraph at lines 202--202
\OT1/cmr/m/n/10 ve-li-ko-sti sis-tema
 []


Underfull \hbox (badness 10000) in paragraph at lines 202--202
\OT1/cmr/m/n/10 in uje-ma-nje
 []


Underfull \hbox (badness 10000) in paragraph at lines 202--202
\OT1/cmr/m/n/10 ek-spo-nen-tov v
 []


Underfull \hbox (badness 10000) in paragraph at lines 202--202
\OT1/cmr/m/n/10 sre-dini spek-tra
 []


Underfull \hbox (badness 10000) in paragraph at lines 202--202
\OT1/cmr/m/n/10 s pri^^Tcakovano
 []


Underfull \hbox (badness 10000) in paragraph at lines 202--202
\OT1/cmr/m/n/10 ni^^Tcelno vre-dno-
 []


Underfull \hbox (badness 10000) in paragraph at lines 202--202
\OT1/cmr/m/n/10 se vse-lej po-
 []


Underfull \hbox (badness 6575) in paragraph at lines 202--202
\OT1/cmr/m/n/10 javi pod tre-tjo
 []

File: Graphs/plot_N_dependence_J_1_.pdf Graphic file (type pdf)
<use Graphs/plot_N_dependence_J_1_.pdf>
Package pdftex.def Info: Graphs/plot_N_dependence_J_1_.pdf used on input line 2
02.
(pdftex.def)             Requested size: 349.62848pt x 152.95692pt.

<Graphs/plot_J_dependence_N_10_.pdf, id=160, 1156.32pt x 505.89pt>
File: Graphs/plot_J_dependence_N_10_.pdf Graphic file (type pdf)

<use Graphs/plot_J_dependence_N_10_.pdf>
Package pdftex.def Info: Graphs/plot_J_dependence_N_10_.pdf used on input line 
211.
(pdftex.def)             Requested size: 349.62848pt x 152.95692pt.
File: Graphs/plot_J_dependence_N_10_.pdf Graphic file (type pdf)

<use Graphs/plot_J_dependence_N_10_.pdf>
Package pdftex.def Info: Graphs/plot_J_dependence_N_10_.pdf used on input line 
211.
(pdftex.def)             Requested size: 349.62848pt x 152.95692pt.
File: Graphs/plot_J_dependence_N_10_.pdf Graphic file (type pdf)

<use Graphs/plot_J_dependence_N_10_.pdf>
Package pdftex.def Info: Graphs/plot_J_dependence_N_10_.pdf used on input line 
211.
(pdftex.def)             Requested size: 349.62848pt x 152.95692pt.

Underfull \hbox (badness 10000) in paragraph at lines 204--212

 []

[8 <./Graphs/plot_lyap_coeffs_J_1_N_10_.pdf> <./Graphs/plot_N_dependence_J_1_.p
df

pdfTeX warning: pdflatex (file ./Graphs/plot_N_dependence_J_1_.pdf): PDF inclus
ion: multiple pdfs with page group included in a single page
> <./Graphs/plot_J_dependence_N_10_.pdf

pdfTeX warning: pdflatex (file ./Graphs/plot_J_dependence_N_10_.pdf): PDF inclu
sion: multiple pdfs with page group included in a single page
>] (./TDS_Jan_Suntajs_zakljucna.aux) ) 
Here is how much of TeX's memory you used:
 5062 strings out of 493014
 71565 string characters out of 6135690
 158366 words of memory out of 5000000
 8460 multiletter control sequences out of 15000+600000
 18270 words of font info for 70 fonts, out of 8000000 for 9000
 1141 hyphenation exceptions out of 8191
 38i,25n,38p,2862b,461s stack positions out of 5000i,500n,10000p,200000b,80000s
</usr/share/texlive/texmf-dist/fonts/type
1/public/amsfonts/cm/cmbx12.pfb></usr/share/texlive/texmf-dist/fonts/type1/publ
ic/amsfonts/cm/cmex10.pfb></usr/share/texlive/texmf-dist/fonts/type1/public/ams
fonts/cm/cmmi10.pfb></usr/share/texlive/texmf-dist/fonts/type1/public/amsfonts/
cm/cmmi12.pfb></usr/share/texlive/texmf-dist/fonts/type1/public/amsfonts/cm/cmm
i5.pfb></usr/share/texlive/texmf-dist/fonts/type1/public/amsfonts/cm/cmmi7.pfb>
</usr/share/texlive/texmf-dist/fonts/type1/public/amsfonts/cm/cmmib10.pfb></usr
/share/texlive/texmf-dist/fonts/type1/public/amsfonts/cm/cmr10.pfb></usr/share/
texlive/texmf-dist/fonts/type1/public/amsfonts/cm/cmr12.pfb></usr/share/texlive
/texmf-dist/fonts/type1/public/amsfonts/cm/cmr17.pfb></usr/share/texlive/texmf-
dist/fonts/type1/public/amsfonts/cm/cmr6.pfb></usr/share/texlive/texmf-dist/fon
ts/type1/public/amsfonts/cm/cmr7.pfb></usr/share/texlive/texmf-dist/fonts/type1
/public/amsfonts/cm/cmr8.pfb></usr/share/texlive/texmf-dist/fonts/type1/public/
amsfonts/cm/cmsl10.pfb></usr/share/texlive/texmf-dist/fonts/type1/public/amsfon
ts/cm/cmsy10.pfb></usr/share/texlive/texmf-dist/fonts/type1/public/amsfonts/cm/
cmsy7.pfb></usr/share/texlive/texmf-dist/fonts/type1/public/amsfonts/cm/cmti10.
pfb></usr/share/texlive/texmf-dist/fonts/type1/public/amsfonts/cm/cmtt10.pfb>
Output written on TDS_Jan_Suntajs_zakljucna.pdf (8 pages, 1722367 bytes).
PDF statistics:
 276 PDF objects out of 1000 (max. 8388607)
 201 compressed objects within 3 object streams
 0 named destinations out of 1000 (max. 500000)
 61 words of extra memory for PDF output out of 10000 (max. 10000000)

